<?xml version="1.0" encoding="UTF-8"?>
<!-- Generated by org.testng.reporters.JUnitXMLReporter -->
<testsuite hostname="HIBAIL56180" ignored="0" name="Default test" tests="6" failures="0" timestamp="10 Sep 2017 08:18:41 GMT" time="0.176" errors="0">
  <testcase name="test1" time="0.033" classname="org.DataProviderOutSide"/>
  <testcase name="test1" time="0.005" classname="org.DataProviderOutSide"/>
  <testcase name="test1" time="0.004" classname="org.DataProviderOutSide"/>
  <testcase name="createUser" time="0.004" classname="org.DataProviderOutSide"/>
  <testcase name="createUser" time="0.005" classname="org.DataProviderOutSide"/>
  <testcase name="createUser" time="0.008" classname="org.DataProviderOutSide"/>
</testsuite> <!-- Default test -->
